NOTE: PROCEDURE PRINTTO used (Total process time):
      real time           0.00 seconds
      user cpu time       0.00 seconds
      system cpu time     0.00 seconds
      memory              306.15k
      OS Memory           19104.00k
      Timestamp           11/04/2024 04:02:18 PM
      Step Count                        24  Switch Count  0
      Page Faults                       0
      Page Reclaims                     26
      Page Swaps                        0
      Voluntary Context Switches        8
      Involuntary Context Switches      0
      Block Input Operations            0
      Block Output Operations           0
      

71         
72         
73         /************************************************************************************
74            Project: BIOS 511
75         
76            Program Name: Lab19
77         
78            Author : Jocelyn(Zhuoya) Wang
79         
80            Date Created: 2024.11.04
81         
82            Purpose : This program is a practice of FIRST. LAST. and RETAIN Statement
83         **************************************************************************************/
84         
85         %put %upcase(no)TE: Program being run by 730784042;
NOTE: Program being run by 730784042
86         options nofullstimer;
87         
88         
89         libname classlib '~/my_shared_file_links/u49231441/Data' access = readonly;
NOTE: Libref CLASSLIB was successfully assigned as follows: 
      Engine:        V9 
      Physical Name: /home/u63982087/my_shared_file_links/u49231441/Data
90         run; /*access a libref in class folder*/
91         
92         ods pdf file = '/home/u63982087/BIOS511/Output/lab19_730784042.pdf' startpage = yes;
NOTE: Writing ODS PDF output to DISK destination "/home/u63982087/BIOS511/Output/lab19_730784042.pdf", printer "PDF".
93         /* create a pdf file */
94         
95         
96         
97         /***** Question 1 *****/
98         proc sort data = classlib.depression out = dp ;
99         by AcuteIllness TreatmentRecommended;
100        run;

2                                                          The SAS System                      Monday, November  4, 2024 11:02:18 AM

NOTE: There were 49 observations read from the data set CLASSLIB.DEPRESSION.
NOTE: The data set WORK.DP has 49 observations and 37 variables.
NOTE: PROCEDURE SORT used (Total process time):
      real time           0.00 seconds
      cpu time            0.00 seconds
      

100      !      /*sort data by the two variable and output dataset named dp*/
101        
102        
103        data q1_data;
104          set dp; /* create new dataset from dp and sort by the two variabes*/
105          by AcuteIllness TreatmentRecommended;
106        
107          retain total_bother total_sleep;/*retain the two variables from iteration steps*/
108        
109          if first.TreatmentRecommended then do;/* Keep only the first adverse event for each treatment*/
110            total_bother = 0;
111            total_sleep = 0;
112          end;/*reset total variables to 9 at the start of treatment*/
113        
114          if  statement12 > 0 then total_bother +1; /*calculate the number of subjects whose answer >0*/
115          if  statement15 > 0 then total_sleep +1;/*calculate the number of subjects whose answer >0*/
116        
117          if last.TreatmentRecommended then output; /*mark last obs for the two variables*/
118        
119          keep AcuteIllness TreatmentRecommended total_bother total_sleep; /*keep 4 vars*/
120        
121          label total_bother = "Totoal Number of Participants Bothered by Things"
122                total_sleep = "Total Number of Participants with Restless Sleep";
123        run;

NOTE: There were 49 observations read from the data set WORK.DP.
NOTE: The data set WORK.Q1_DATA has 4 observations and 4 variables.
NOTE: DATA statement used (Total process time):
      real time           0.00 seconds
      cpu time            0.01 seconds
      

124        
125        
126        /***** Question 2 *****/
127        proc print data = q1_data label;
128            title "Q2: Output Table2.1 by Proc Print";
129        run;

NOTE: There were 4 observations read from the data set WORK.Q1_DATA.
NOTE: PROCEDURE PRINT used (Total process time):
      real time           0.02 seconds
      cpu time            0.01 seconds
      

129      !     /*print the result by proc print from
130            last question for both vars*/
131        
132        
133        proc freq data = classlib.depression;
134        
3                                                          The SAS System                      Monday, November  4, 2024 11:02:18 AM

135            tables AcuteIllness*TreatmentRecommended*statement12/list nocum; /*print the total result of
136                                                          bothered things directly from depression dataset*/
137        
138            tables AcuteIllness*TreatmentRecommended*statement15/list nocum; /*print the total result of restless sleep
139                                                          directly from depression dataset*/
140             title "Q2: Output Table2.2(Bothered Things) & Table2.3(Restless Sleep)  by Proc Freq ";
141        run;

NOTE: There were 49 observations read from the data set CLASSLIB.DEPRESSION.
NOTE: PROCEDURE FREQ used (Total process time):
      real time           0.04 seconds
      cpu time            0.05 seconds
      

142        
143        
144        
145        
146        /***** Question 3 *****/
147        data q3_tempae; /*create new dataset*/
148         set classlib.ae;
149        
150         if length(aestdtc) = 7 then aestdtc = catx('-',aestdtc,'01');/*standardize the value of start date*/
151         if length(aeendtc) = 7 then aeendtc = catx('-',aeendtc,'01');/*standardize the value of end date*/
152        
153         num_aestdt = input(aestdtc, yymmdd10.);/*create numeric version of AE start date*/
154         num_aeenddt = input(aeendtc, yymmdd10.);/*create numeric version of AE end date*/
155        
156         format num_aestdt num_aeenddt date9.;/*change format*/
157        run;

NOTE: There were 1177 observations read from the data set CLASSLIB.AE.
NOTE: The data set WORK.Q3_TEMPAE has 1177 observations and 12 variables.
NOTE: DATA statement used (Total process time):
      real time           0.00 seconds
      cpu time            0.00 seconds
      

158        
159        
160        /***** Question 4 *****/
161        proc sort data = q3_tempae out = q4_ae;
162         by usubjid num_aestdt;/*sort dataset by subject and numeric startdate*/
163        run;

NOTE: There were 1177 observations read from the data set WORK.Q3_TEMPAE.
NOTE: The data set WORK.Q4_AE has 1177 observations and 12 variables.
NOTE: PROCEDURE SORT used (Total process time):
      real time           0.00 seconds
      cpu time            0.00 seconds
      

164        
165        
166        /***** Question 5 *****/
167        proc sort data = classlib.dm out = dm; by usubjid;/*sort dm by subject*/
168        

4                                                          The SAS System                      Monday, November  4, 2024 11:02:18 AM

NOTE: There were 602 observations read from the data set CLASSLIB.DM.
NOTE: The data set WORK.DM has 602 observations and 15 variables.
NOTE: PROCEDURE SORT used (Total process time):
      real time           0.00 seconds
      cpu time            0.00 seconds
      

169        data q5_merged; /*merged dataset*/
170          merge q4_ae(in = inae) dm; /*merge the two sets and add index of ae*/
171          by usubjid;/*by subject*/
172          if inae =1; /*only keep subjects that have adverse event*/
173        
174          if first.usubjid; /*Keep only the first adverse event for each subject*/
175        
176          num_first_st = input(rfxstdtc, yymmdd10.); /*make the data numeric*/
177          total_days = num_aestdt - num_first_st;/*calculate the number of days*/
178        
179          drop num_first_st;/*drop it*/
180        
181          label total_days = "Total Days to the first adverse event";
182        run;

NOTE: There were 1177 observations read from the data set WORK.Q4_AE.
NOTE: There were 602 observations read from the data set WORK.DM.
NOTE: The data set WORK.Q5_MERGED has 462 observations and 26 variables.
NOTE: DATA statement used (Total process time):
      real time           0.00 seconds
      cpu time            0.00 seconds
      

183        
184        
185        /***** Question 6 *****/
186        proc sort data = q5_merged;
187        by arm; /*sort data by arm*/
188        run;

NOTE: There were 462 observations read from the data set WORK.Q5_MERGED.
NOTE: The data set WORK.Q5_MERGED has 462 observations and 26 variables.
NOTE: PROCEDURE SORT used (Total process time):
      real time           0.00 seconds
      cpu time            0.00 seconds
      

189        
190        
191        proc sgplot data = q5_merged;/*apply sgplot to the data*/
192          by arm;
193          histogram total_days;/*create histogram for each arm*/
194          density total_days/ type = normal lineattrs=(color= red);/*density plot with normal*/
195          density total_days/ type = kernel lineattrs=(color= black); /*density plot with kernel*/
196        
197          label arm = "Described Arm";/*label the arm variable*/
198          keylegend/ location = inside position = topright across =1;/*adjust the legen position*/
199          title "Q6: Plot of the Number of Days to The First Adverse Event";
200        run;

NOTE: PROCEDURE SGPLOT used (Total process time):
5                                                          The SAS System                      Monday, November  4, 2024 11:02:20 AM

      real time           2.45 seconds
      cpu time            0.15 seconds
      
NOTE: There were 462 observations read from the data set WORK.Q5_MERGED.

201        
202        
203        
204        ods pdf close;/*close the pdf file*/
NOTE: ODS PDF printed 4 pages to /home/u63982087/BIOS511/Output/lab19_730784042.pdf.
205        ods _all_ close;
206        
207        proc printto; run;

