NOTE: PROCEDURE PRINTTO used (Total process time):
      real time           0.00 seconds
      user cpu time       0.00 seconds
      system cpu time     0.00 seconds
      memory              281.96k
      OS Memory           19104.00k
      Timestamp           09/21/2024 02:39:06 AM
      Step Count                        24  Switch Count  0
      Page Faults                       0
      Page Reclaims                     23
      Page Swaps                        0
      Voluntary Context Switches        10
      Involuntary Context Switches      0
      Block Input Operations            0
      Block Output Operations           0
      

71         
72         /************************************************************************************
73            Project: BIOS 511
74         
75            Program Name: Lab8
76         
77            Author : Jocelyn(Zhuoya) Wang
78         
79            Date Created: 2024.09.18
80         
81            Purpose : This program is a practice of ODS SELECT & ODS EXCLUDE, ODS OUTPUT, STYLE
82         **************************************************************************************/
83         
84         %put %upcase(no)TE: Program being run by 73XXXXXX;
NOTE: Program being run by 73XXXXXX
85         options nofullstimer;
86         
87         
88         libname classlib '~/my_shared_file_links/u49231441/Data' access = readonly;
NOTE: Libref CLASSLIB was successfully assigned as follows: 
      Engine:        V9 
      Physical Name: /home/u63982087/my_shared_file_links/u49231441/Data
89         run; /*access a libref in class folder*/
90         
91         
92         /***** Question 1 *****/
93         ods rtf file = '/home/u63982087/BIOS511/Output/lab8_73XXXXXX.rtf' startpage = bygroup;
NOTE: Writing RTF Body file: /home/u63982087/BIOS511/Output/lab8_73XXXXXX.rtf
94         /* Create rtf file and splite page for each group*/
95         
96         ods noproctitle;/*suppress the procedure title*/
97         
98         ods select FishersExact ;/*select a specific output (the name is shown by trace)*/
99         
100        /*********** Question 1 part A ***********/
101        title "Fisher's Table For Treatment and Statuas";
2                                                          The SAS System                     Friday, September 20, 2024 10:39:06 PM

102           proc freq data = classlib.living_data; /*apply proc freq to living data*/
103                tables treatment*status/fisher;  /*make a fisher table*/
104           run;

NOTE: There were 40 observations read from the data set CLASSLIB.LIVING_DATA.
NOTE: PROCEDURE FREQ used (Total process time):
      real time           0.02 seconds
      cpu time            0.02 seconds
      

105        
106        
107        /*********** Question 1 part B ***********/
108        title "Result By Treatments";
109            proc sort data = classlib.prostate out = pros;
NOTE: Data file CLASSLIB.PROSTATE.DATA is in a format that is native to another host, or the file encoding does not match the 
      session encoding. Cross Environment Data Access will be used, which might require additional CPU resources and might reduce 
      performance.
110               by treatment; /* sort prostate data by treatment*/
111            run;

NOTE: There were 506 observations read from the data set CLASSLIB.PROSTATE.
NOTE: The data set WORK.PROS has 506 observations and 18 variables.
NOTE: PROCEDURE SORT used (Total process time):
      real time           0.00 seconds
      cpu time            0.01 seconds
      

112        
113            proc print data = pros; /*print the four variables of the data by treatement*/
114               by treatment;
115               var patientnumber serumhemoglobin serumpap tumorsize;
116            run;

NOTE: There were 506 observations read from the data set WORK.PROS.
NOTE: PROCEDURE PRINT used (Total process time):
      real time           0.32 seconds
      cpu time            0.33 seconds
      

117        
118        ods rtf close; /*close the rtf file*/
119        
120        
121        
122        /***** Question 2 *****/
123        ods pdf file = '/home/u63982087/BIOS511/Output/lab8_73XXXXXX.pdf' style = SAPPHIRE startpage = yes;
NOTE: Writing ODS PDF output to DISK destination "/home/u63982087/BIOS511/Output/lab8_73XXXXXX.pdf", printer "PDF".
124        /* create a pdf file and change the style to SAPPHIRE*/
125        
126        
127        ods exclude all; /*suppress the output generated by proc univariate*/
128           proc univariate data = classlib.drivers;
129              var drivers;/*statistics for the variable 'drivers' in drivers dataset */
130              ods output testsforlocation = locationtests; /*create data set for test for locatioin values*/
131           run;

NOTE: The data set WORK.LOCATIONTESTS has 3 observations and 7 variables.
3                                                          The SAS System                     Friday, September 20, 2024 10:39:06 PM

NOTE: PROCEDURE UNIVARIATE used (Total process time):
      real time           0.02 seconds
      cpu time            0.03 seconds
      

132        ods select all; /*turn output back on*/
133        
134        
135        proc print data = locationtests; /* print the dataset for test location values*/
136          title "Test For Locations for Drivers";
137        run;

NOTE: There were 3 observations read from the data set WORK.LOCATIONTESTS.
NOTE: PROCEDURE PRINT used (Total process time):
      real time           0.01 seconds
      cpu time            0.01 seconds
      

138        
139        
140        /******** Question 2 partE ********/
141        
142        ods output summary = pros_summary; /* summary information by ods output*/
143           proc means data = classlib.prostate;
NOTE: Data file CLASSLIB.PROSTATE.DATA is in a format that is native to another host, or the file encoding does not match the 
      session encoding. Cross Environment Data Access will be used, which might require additional CPU resources and might reduce 
      performance.
144        
145              var serumhemoglobin; /*statistics only of the variable "serumhemoglobin"
146                                     in prostate dataset*/
147        
148              output out = serum_output; /*output out to create a data set for the statistics */
149              title "Statistics of Serumhemoglobin in Prostate Dataset";
150        
151           run;

NOTE: The data set WORK.PROS_SUMMARY has 1 observations and 5 variables.
NOTE: There were 506 observations read from the data set CLASSLIB.PROSTATE.
NOTE: The data set WORK.SERUM_OUTPUT has 5 observations and 4 variables.
NOTE: PROCEDURE MEANS used (Total process time):
      real time           0.02 seconds
      cpu time            0.02 seconds
      

152        ods output close; /*close the ods output*/
153        
154        
155        /******** Question 2 partF ********/
156        
157        proc print data = pros_summary;
158           title "Prostate Summary by ODS Output";
159        run;

NOTE: There were 1 observations read from the data set WORK.PROS_SUMMARY.
NOTE: PROCEDURE PRINT used (Total process time):
      real time           0.00 seconds
      cpu time            0.01 seconds
      
4                                                          The SAS System                     Friday, September 20, 2024 10:39:06 PM


159      !     /*print the data set created by ods output*/
160        
161        
162        proc print data = serum_output;
163           title "Prostate Summary by Output Out";
164        run;

NOTE: There were 5 observations read from the data set WORK.SERUM_OUTPUT.
NOTE: PROCEDURE PRINT used (Total process time):
      real time           0.01 seconds
      cpu time            0.01 seconds
      

164      !     /*print the data set created by output out*/
165        
166        
167        ods pdf close;/*close the pdf file*/
NOTE: ODS PDF printed 4 pages to /home/u63982087/BIOS511/Output/lab8_73XXXXXX.pdf.
168        
169        proc printto; run;

