NOTE: PROCEDURE PRINTTO used (Total process time):
      real time           0.00 seconds
      user cpu time       0.00 seconds
      system cpu time     0.00 seconds
      memory              281.59k
      OS Memory           19104.00k
      Timestamp           09/28/2024 04:35:43 AM
      Step Count                        24  Switch Count  0
      Page Faults                       0
      Page Reclaims                     21
      Page Swaps                        0
      Voluntary Context Switches        9
      Involuntary Context Switches      0
      Block Input Operations            0
      Block Output Operations           0
      

71         
72         /************************************************************************************
73            Project: BIOS 511
74         
75            Program Name: Lab9
76         
77            Author : Jocelyn(Zhuoya) Wang
78         
79            Date Created: 2024.09.25
80         
81            Purpose : This program is a practice of ODS graphic output and select desired plots
82         **************************************************************************************/
83         
84         %put %upcase(no)TE: Program being run by 73XXXXXX;
NOTE: Program being run by 73XXXXXX
85         options nofullstimer;
86         
87         
88         
89         
90         libname classlib '~/my_shared_file_links/u49231441/Data' access = readonly;
NOTE: Libref CLASSLIB was successfully assigned as follows: 
      Engine:        V9 
      Physical Name: /home/u63982087/my_shared_file_links/u49231441/Data
91         run; /*access a libref in class folder*/
92         
93         
94         ods pdf file = '/home/u63982087/BIOS511/Output/lab9_73XXXXXX.pdf' startpage = yes;
NOTE: Writing ODS PDF output to DISK destination "/home/u63982087/BIOS511/Output/lab9_73XXXXXX.pdf", printer "PDF".
95         /* create a pdf file */
96         
97         
98         /***** Question 1 *****/
99         proc sort data = sashelp.bweight out = bweight;
100             by visit; /*sort data by visit variable*/
101        run;
2                                                          The SAS System                   Saturday, September 28, 2024 12:35:43 AM


NOTE: There were 50000 observations read from the data set SASHELP.BWEIGHT.
NOTE: The data set WORK.BWEIGHT has 50000 observations and 10 variables.
NOTE: PROCEDURE SORT used (Total process time):
      real time           0.01 seconds
      cpu time            0.01 seconds
      

102        
103        ods graphics on;
104        ods select plots; /*only keep plot named plots generated by proc univariate*/
105        proc univariate data = bweight plot;
106            title "Plots by Visit Type";
107            by visit; /*sort the data by visit variable*/
108            var weight;/*only present the weight variable as analysis variable*/
109        run;

NOTE: PROCEDURE UNIVARIATE used (Total process time):
      real time           4.48 seconds
      cpu time            1.28 seconds
      

110        
111        
112        /***** Question 2 *****/
113        proc freq data = classlib.dm;
114           title "Frequency Table & Plot";
115           tables armcd*race / norow nocol plots = (freqplot(groupby = row twoway=cluster));
116        run;

NOTE: There were 602 observations read from the data set CLASSLIB.DM.
NOTE: PROCEDURE FREQ used (Total process time):
      real time           0.30 seconds
      cpu time            0.16 seconds
      

116      !     /*generate crosstabulation by armcd and race & only request frequency table */
117        /*frequecy plot is grouped by the armcd variables*/
118        
119        /***** Question 3 *****/
120        proc freq data = classlib.depression;
121            title "Agreeplot of Beddays and Acuteillness";
122            tables beddays*acuteillness/ agree plots = agreeplot;
123        run;

NOTE: There were 49 observations read from the data set CLASSLIB.DEPRESSION.
NOTE: PROCEDURE FREQ used (Total process time):
      real time           0.22 seconds
      cpu time            0.07 seconds
      

123      !     /*combination of number of beddays and acute illness vairbles*/
124        /*agree test and only present the agreeplot*/
125        
126        
127        /***** Question 4 *****/
128        proc glm data = classlib.dmvs plots= DIAGNOSTICS;/*request diagnostic plot*/
129            title "Diagnositics Plot";
3                                                          The SAS System                   Saturday, September 28, 2024 12:35:48 AM

130            class race;/*class the data by race*/
131            model cfb = race sysbp0 / solution; /*regression model*/
132        run;

133        quit;

NOTE: PROCEDURE GLM used (Total process time):
      real time           1.07 seconds
      cpu time            0.39 seconds
      

134        
135        ods pdf close;/*close the pdf file*/
NOTE: ODS PDF printed 11 pages to /home/u63982087/BIOS511/Output/lab9_73XXXXXX.pdf.
136        proc printto; run;

