NOTE: PROCEDURE PRINTTO used (Total process time):
      real time           0.00 seconds
      user cpu time       0.00 seconds
      system cpu time     0.00 seconds
      memory              258.18k
      OS Memory           22688.00k
      Timestamp           09/12/2024 03:36:58 PM
      Step Count                        37  Switch Count  0
      Page Faults                       0
      Page Reclaims                     17
      Page Swaps                        0
      Voluntary Context Switches        9
      Involuntary Context Switches      0
      Block Input Operations            0
      Block Output Operations           0
      

70         
71         /************************************************************************************
72            Project: BIOS 511
73         
74            Program Name: Lab7
75         
76            Author : Jocelyn(Zhuoya) Wang
77         
78            Date Created: 2024.09.11
79         
80            Purpose : This program is designed to practice generating reports with proc report
81         **************************************************************************************/
82         
83         %put %upcase(no)TE: Program being run by 730784042;
NOTE: Program being run by 730784042
84         options nofullstimer;
85         
86         
87         
88         libname classlib '~/my_shared_file_links/u49231441/Data' access = readonly;
NOTE: Libref CLASSLIB was successfully assigned as follows: 
      Engine:        V9 
      Physical Name: /home/u63982087/my_shared_file_links/u49231441/Data
89         run; /*access a libref in class folder*/
90         
91         
92         /* Question 1*/
93         
94         proc report data = classlib.learn_modalities(obs = 50); /* report LM dataset&display the first 50 obs*/
95         
96             where state = "AZ"; /* use the data where state is Arizona*/
97         
98             column district_name ("Analysis Variable" learning_modality student_count);
99             /* use the three variables,
100            and provide spanning header above both LM & Student Counts*/
101        
102            title "Table of Learning Modality & Student Count for Districts in Arizona";
2                                                          The SAS System                   Thursday, September 12, 2024 11:36:58 AM

103        run;

NOTE: There were 50 observations read from the data set CLASSLIB.LEARN_MODALITIES.
      WHERE state='AZ';
NOTE: PROCEDURE REPORT used (Total process time):
      real time           0.03 seconds
      cpu time            0.02 seconds
      

104        
105        
106        /* Question 2*/
107        
108        proc report data = classlib.diabetes; /* Make report for diabetes dataset*/
109          column location frame waist hip;  /*use the four columns for further analysis*/
110        
111          define location /group; /*group the data by location*/
112          define frame / group;/*group the data by frame*/
113        
114          define waist / "Max Waist" max; /* request maximum value for waist & label it*/
115          define hip/ "Max Hip" max;/* request maximum value for Hip & label it*/
116        
117          title "Max Waist and Hip for Each Body Frame in Different Location";
118        run;

NOTE: There were 403 observations read from the data set CLASSLIB.DIABETES.
NOTE: PROCEDURE REPORT used (Total process time):
      real time           0.01 seconds
      cpu time            0.03 seconds
      

119        
120        
121        /* Question 3*/
122        
123        proc report data = classlib.budget;/* Make report for budget dataset*/
124            column department, (yr2018 yr2019 yr2020); /*use the department, year2018 to year 2020
125                                                        columns for further analysis*/
126        
127            define department / across " " ;/* make department as spanning header abover others*/
128            title "Budget for Each Apartment from 2018 to 2020";
129        run;

NOTE: There were 12 observations read from the data set CLASSLIB.BUDGET.
NOTE: PROCEDURE REPORT used (Total process time):
      real time           0.01 seconds
      cpu time            0.01 seconds
      

130        
131        /* Question 4*/
132        
133        proc report data = classlib.employee_donations; /* Make report for ED dataset*/
134        
135             column paid_by qtr:;/*use the variables called paid_by and quarter 1-4*/
136             define paid_by/ group ; /* group the data by paid_by*/
137        
138             format qtr: dollar8.; /*change the formate of obs in quarter 1-4*/
3                                                          The SAS System                   Thursday, September 12, 2024 11:36:58 AM

139             define qtr4/ style(column)=[background = lightyellow]; /*apply lightyellow bg to qtr4 col*/
140        
141             title "Summary of Employee Donations by Payment Type From Qtr1 to Qtr4";
142        run;

NOTE: There were 124 observations read from the data set CLASSLIB.EMPLOYEE_DONATIONS.
NOTE: PROCEDURE REPORT used (Total process time):
      real time           0.01 seconds
      cpu time            0.01 seconds
      

143        
144        /* Question 5*/
145        
146        proc report data = sashelp.cars;/* Make report for cars dataset*/
147        
148           column origin type, n; /* use column origin and type, and we also want the counts (n)for type*/
149        
150           define origin/ group " "; /*group the data by origin without labels*/
151           define type / across "  ";/*Use type as spanning headers without new labels*/
152           define n / " "; /* counts of types without labels*/
153        
154           options missing = 0; /* replace missing value dot with 0*/
155        
156           title "Counts for Different Type of Car in Each Location";
157        run;

NOTE: There were 428 observations read from the data set SASHELP.CARS.
NOTE: PROCEDURE REPORT used (Total process time):
      real time           0.01 seconds
      cpu time            0.02 seconds
      

158        
159        proc printto; run;

